c:\users\user\documents\github\atividadespoo\trabalhogb - gustavo rezende\trabalhogb - gustavo rezende\x64\debug\vc143.pdb
c:\users\user\documents\github\atividadespoo\trabalhogb - gustavo rezende\trabalhogb - gustavo rezende\x64\debug\vc143.idb
c:\users\user\documents\github\atividadespoo\trabalhogb - gustavo rezende\trabalhogb - gustavo rezende\x64\debug\writingprocess.obj
c:\users\user\documents\github\atividadespoo\trabalhogb - gustavo rezende\trabalhogb - gustavo rezende\x64\debug\trabalhogb - gustavo rezende.obj
c:\users\user\documents\github\atividadespoo\trabalhogb - gustavo rezende\trabalhogb - gustavo rezende\x64\debug\sistema.obj
c:\users\user\documents\github\atividadespoo\trabalhogb - gustavo rezende\trabalhogb - gustavo rezende\x64\debug\readingprocess.obj
c:\users\user\documents\github\atividadespoo\trabalhogb - gustavo rezende\trabalhogb - gustavo rezende\x64\debug\processo.obj
c:\users\user\documents\github\atividadespoo\trabalhogb - gustavo rezende\trabalhogb - gustavo rezende\x64\debug\filaprocessos.obj
c:\users\user\documents\github\atividadespoo\trabalhogb - gustavo rezende\trabalhogb - gustavo rezende\x64\debug\computingprocess.obj
c:\users\user\documents\github\atividadespoo\trabalhogb - gustavo rezende\trabalhogb - gustavo rezende\x64\debug\printingprocess.obj
c:\users\user\documents\github\atividadespoo\trabalhogb - gustavo rezende\x64\debug\trabalhogb - gustavo rezende.pdb
c:\users\user\documents\github\atividadespoo\trabalhogb - gustavo rezende\trabalhogb - gustavo rezende\x64\debug\trabalho.67fae1b7.tlog\cl.command.1.tlog
c:\users\user\documents\github\atividadespoo\trabalhogb - gustavo rezende\trabalhogb - gustavo rezende\x64\debug\trabalho.67fae1b7.tlog\cl.read.1.tlog
c:\users\user\documents\github\atividadespoo\trabalhogb - gustavo rezende\trabalhogb - gustavo rezende\x64\debug\trabalho.67fae1b7.tlog\cl.write.1.tlog
c:\users\user\documents\github\atividadespoo\trabalhogb - gustavo rezende\trabalhogb - gustavo rezende\x64\debug\trabalho.67fae1b7.tlog\link-cvtres.read.1.tlog
c:\users\user\documents\github\atividadespoo\trabalhogb - gustavo rezende\trabalhogb - gustavo rezende\x64\debug\trabalho.67fae1b7.tlog\link-cvtres.write.1.tlog
c:\users\user\documents\github\atividadespoo\trabalhogb - gustavo rezende\trabalhogb - gustavo rezende\x64\debug\trabalho.67fae1b7.tlog\link-rc.read.1.tlog
c:\users\user\documents\github\atividadespoo\trabalhogb - gustavo rezende\trabalhogb - gustavo rezende\x64\debug\trabalho.67fae1b7.tlog\link-rc.write.1.tlog
c:\users\user\documents\github\atividadespoo\trabalhogb - gustavo rezende\trabalhogb - gustavo rezende\x64\debug\trabalho.67fae1b7.tlog\link.command.1.tlog
c:\users\user\documents\github\atividadespoo\trabalhogb - gustavo rezende\trabalhogb - gustavo rezende\x64\debug\trabalho.67fae1b7.tlog\link.read.1.tlog
c:\users\user\documents\github\atividadespoo\trabalhogb - gustavo rezende\trabalhogb - gustavo rezende\x64\debug\trabalho.67fae1b7.tlog\link.read.2.tlog
c:\users\user\documents\github\atividadespoo\trabalhogb - gustavo rezende\trabalhogb - gustavo rezende\x64\debug\trabalho.67fae1b7.tlog\link.read.3.tlog
c:\users\user\documents\github\atividadespoo\trabalhogb - gustavo rezende\trabalhogb - gustavo rezende\x64\debug\trabalho.67fae1b7.tlog\link.write.1.tlog
